<?xml version="1.0" encoding="UTF-8"?>
<testng-results skipped="0" failed="0" ignored="0" total="2" passed="2">
  <reporter-output>
  </reporter-output>
  <suite name="com.test.chime.TakeHomeTest" duration-ms="1709" started-at="2020-06-21T19:40:00Z" finished-at="2020-06-21T19:40:02Z">
    <groups>
      <group name="regression">
        <method signature="TakeHomeTest.testOne()[pri:0, instance:com.test.chime.TakeHomeTest@4411d970]" name="testOne" class="com.test.chime.TakeHomeTest"/>
        <method signature="TakeHomeTest.testTwo()[pri:0, instance:com.test.chime.TakeHomeTest@4411d970]" name="testTwo" class="com.test.chime.TakeHomeTest"/>
      </group> <!-- regression -->
    </groups>
    <test name="Command line test" duration-ms="1709" started-at="2020-06-21T19:40:00Z" finished-at="2020-06-21T19:40:02Z">
      <class name="com.test.chime.TakeHomeTest">
        <test-method status="PASS" signature="setup()[pri:0, instance:com.test.chime.TakeHomeTest@4411d970]" name="setup" is-config="true" duration-ms="245" started-at="2020-06-21T12:40:00Z" finished-at="2020-06-21T12:40:00Z">
          <reporter-output>
          </reporter-output>
        </test-method> <!-- setup -->
        <test-method status="PASS" signature="testOne()[pri:0, instance:com.test.chime.TakeHomeTest@4411d970]" name="testOne" duration-ms="963" started-at="2020-06-21T12:40:00Z" finished-at="2020-06-21T12:40:01Z">
          <reporter-output>
          </reporter-output>
        </test-method> <!-- testOne -->
        <test-method status="PASS" signature="testTwo()[pri:0, instance:com.test.chime.TakeHomeTest@4411d970]" name="testTwo" duration-ms="490" started-at="2020-06-21T12:40:01Z" finished-at="2020-06-21T12:40:02Z">
          <reporter-output>
          </reporter-output>
        </test-method> <!-- testTwo -->
        <test-method status="PASS" signature="tearDown()[pri:0, instance:com.test.chime.TakeHomeTest@4411d970]" name="tearDown" is-config="true" duration-ms="1" started-at="2020-06-21T12:40:02Z" finished-at="2020-06-21T12:40:02Z">
          <reporter-output>
          </reporter-output>
        </test-method> <!-- tearDown -->
      </class> <!-- com.test.chime.TakeHomeTest -->
    </test> <!-- Command line test -->
  </suite> <!-- com.test.chime.TakeHomeTest -->
</testng-results>
