<?xml version="1.0" encoding="UTF-8"?>
<testng-results skipped="0" failed="0" ignored="1" total="2" passed="1">
  <reporter-output>
  </reporter-output>
  <suite name="Default suite" duration-ms="1680" started-at="2020-06-26T00:39:33 PDT" finished-at="2020-06-26T00:39:35 PDT">
    <groups>
      <group name="regression">
        <method signature="TakeHomeTest.testOne()[pri:0, instance:com.test.chime.TakeHomeTest@50b494a6]" name="testOne" class="com.test.chime.TakeHomeTest"/>
      </group> <!-- regression -->
    </groups>
    <test name="Default test" duration-ms="1680" started-at="2020-06-26T00:39:33 PDT" finished-at="2020-06-26T00:39:35 PDT">
      <class name="com.test.chime.TakeHomeTest">
        <test-method status="PASS" signature="setup()[pri:0, instance:com.test.chime.TakeHomeTest@50b494a6]" name="setup" is-config="true" duration-ms="406" started-at="2020-06-26T00:39:33 PDT" finished-at="2020-06-26T00:39:34 PDT">
          <reporter-output>
          </reporter-output>
        </test-method> <!-- setup -->
        <test-method status="PASS" signature="testOne()[pri:0, instance:com.test.chime.TakeHomeTest@50b494a6]" name="testOne" duration-ms="1252" started-at="2020-06-26T00:39:34 PDT" finished-at="2020-06-26T00:39:35 PDT">
          <reporter-output>
          </reporter-output>
        </test-method> <!-- testOne -->
        <test-method status="PASS" signature="tearDown()[pri:0, instance:com.test.chime.TakeHomeTest@50b494a6]" name="tearDown" is-config="true" duration-ms="1" started-at="2020-06-26T00:39:35 PDT" finished-at="2020-06-26T00:39:35 PDT">
          <reporter-output>
          </reporter-output>
        </test-method> <!-- tearDown -->
      </class> <!-- com.test.chime.TakeHomeTest -->
    </test> <!-- Default test -->
  </suite> <!-- Default suite -->
</testng-results>
